# JRE version: OpenJDK Runtime Environment (11.0.10) (build 11.0.10+0-b96-7249189)
# Java VM: OpenJDK 64-Bit Server VM (11.0.10+0-b96-7249189, mixed mode, tiered, compressed oops, g1 gc, windows-amd64)
Heap:
 garbage-first heap   total 131072K, used 103435K [0x0000000080000000, 0x0000000100000000)
  region size 1024K, 8 young (8192K), 2 survivors (2048K)
 Metaspace       used 81936K, capacity 83986K, committed 84144K, reserved 1124352K
  class space    used 10433K, capacity 11185K, committed 11264K, reserved 1048576K
GC Heap History (20 events):
Event: 37.185 GC heap before
{Heap before GC invocations=22 (full 0):
 garbage-first heap   total 131072K, used 108530K [0x0000000080000000, 0x0000000100000000)
  region size 1024K, 39 young (39936K), 6 survivors (6144K)
 Metaspace       used 76233K, capacity 78145K, committed 78256K, reserved 1118208K
  class space    used 9752K, capacity 10469K, committed 10496K, reserved 1048576K
}
Event: 37.197 GC heap after
{Heap after GC invocations=23 (full 0):
 garbage-first heap   total 131072K, used 78683K [0x0000000080000000, 0x0000000100000000)
  region size 1024K, 3 young (3072K), 3 survivors (3072K)
 Metaspace       used 76233K, capacity 78145K, committed 78256K, reserved 1118208K
  class space    used 9752K, capacity 10469K, committed 10496K, reserved 1048576K
}
Event: 39.123 GC heap before
{Heap before GC invocations=24 (full 0):
 garbage-first heap   total 131072K, used 108379K [0x0000000080000000, 0x0000000100000000)
  region size 1024K, 33 young (33792K), 3 survivors (3072K)
 Metaspace       used 77151K, capacity 79092K, committed 79152K, reserved 1118208K
  class space    used 9863K, capacity 10574K, committed 10624K, reserved 1048576K
}
Event: 39.133 GC heap after
{Heap after GC invocations=25 (full 0):
 garbage-first heap   total 131072K, used 79821K [0x0000000080000000, 0x0000000100000000)
  region size 1024K, 4 young (4096K), 4 survivors (4096K)
 Metaspace       used 77151K, capacity 79092K, committed 79152K, reserved 1118208K
  class space    used 9863K, capacity 10574K, committed 10624K, reserved 1048576K
}
Event: 39.243 GC heap before
{Heap before GC invocations=25 (full 0):
 garbage-first heap   total 131072K, used 80845K [0x0000000080000000, 0x0000000100000000)
  region size 1024K, 6 young (6144K), 4 survivors (4096K)
 Metaspace       used 77193K, capacity 79174K, committed 79408K, reserved 1118208K
  class space    used 9865K, capacity 10577K, committed 10624K, reserved 1048576K
}
Event: 39.249 GC heap after
{Heap after GC invocations=26 (full 0):
 garbage-first heap   total 131072K, used 80105K [0x0000000080000000, 0x0000000100000000)
  region size 1024K, 3 young (3072K), 3 survivors (3072K)
 Metaspace       used 77193K, capacity 79174K, committed 79408K, reserved 1118208K
  class space    used 9865K, capacity 10577K, committed 10624K, reserved 1048576K
}
Event: 40.169 GC heap before
{Heap before GC invocations=27 (full 0):
 garbage-first heap   total 131072K, used 101609K [0x0000000080000000, 0x0000000100000000)
  region size 1024K, 24 young (24576K), 3 survivors (3072K)
 Metaspace       used 77606K, capacity 79544K, committed 79792K, reserved 1118208K
  class space    used 9913K, capacity 10634K, committed 10752K, reserved 1048576K
}
Event: 40.179 GC heap after
{Heap after GC invocations=28 (full 0):
 garbage-first heap   total 131072K, used 81892K [0x0000000080000000, 0x0000000100000000)
  region size 1024K, 3 young (3072K), 3 survivors (3072K)
 Metaspace       used 77606K, capacity 79544K, committed 79792K, reserved 1118208K
  class space    used 9913K, capacity 10634K, committed 10752K, reserved 1048576K
}
Event: 40.956 GC heap before
{Heap before GC invocations=28 (full 0):
 garbage-first heap   total 131072K, used 104420K [0x0000000080000000, 0x0000000100000000)
  region size 1024K, 25 young (25600K), 3 survivors (3072K)
 Metaspace       used 79529K, capacity 81464K, committed 81712K, reserved 1120256K
  class space    used 10123K, capacity 10826K, committed 10880K, reserved 1048576K
}
Event: 40.970 GC heap after
{Heap after GC invocations=29 (full 0):
 garbage-first heap   total 131072K, used 83914K [0x0000000080000000, 0x0000000100000000)
  region size 1024K, 4 young (4096K), 4 survivors (4096K)
 Metaspace       used 79529K, capacity 81464K, committed 81712K, reserved 1120256K
  class space    used 10123K, capacity 10826K, committed 10880K, reserved 1048576K
}
Event: 41.986 GC heap before
{Heap before GC invocations=30 (full 0):
 garbage-first heap   total 131072K, used 105418K [0x0000000080000000, 0x0000000100000000)
  region size 1024K, 26 young (26624K), 4 survivors (4096K)
 Metaspace       used 80279K, capacity 82160K, committed 82352K, reserved 1120256K
  class space    used 10222K, capacity 10922K, committed 11008K, reserved 1048576K
}
Event: 41.998 GC heap after
{Heap after GC invocations=31 (full 0):
 garbage-first heap   total 131072K, used 85863K [0x0000000080000000, 0x0000000100000000)
  region size 1024K, 4 young (4096K), 4 survivors (4096K)
 Metaspace       used 80279K, capacity 82160K, committed 82352K, reserved 1120256K
  class space    used 10222K, capacity 10922K, committed 11008K, reserved 1048576K
}
Event: 42.281 GC heap before
{Heap before GC invocations=31 (full 0):
 garbage-first heap   total 131072K, used 104295K [0x0000000080000000, 0x0000000100000000)
  region size 1024K, 24 young (24576K), 4 survivors (4096K)
 Metaspace       used 80774K, capacity 82799K, committed 82864K, reserved 1122304K
  class space    used 10292K, capacity 10982K, committed 11008K, reserved 1048576K
}
Event: 42.293 GC heap after
{Heap after GC invocations=32 (full 0):
 garbage-first heap   total 131072K, used 89695K [0x0000000080000000, 0x0000000100000000)
  region size 1024K, 4 young (4096K), 4 survivors (4096K)
 Metaspace       used 80774K, capacity 82799K, committed 82864K, reserved 1122304K
  class space    used 10292K, capacity 10982K, committed 11008K, reserved 1048576K
}
Event: 42.377 GC heap before
{Heap before GC invocations=32 (full 0):
 garbage-first heap   total 131072K, used 109151K [0x0000000080000000, 0x0000000100000000)
  region size 1024K, 23 young (23552K), 4 survivors (4096K)
 Metaspace       used 81060K, capacity 83058K, committed 83248K, reserved 1122304K
  class space    used 10328K, capacity 11046K, committed 11136K, reserved 1048576K
}
Event: 42.389 GC heap after
{Heap after GC invocations=33 (full 0):
 garbage-first heap   total 131072K, used 94208K [0x0000000080000000, 0x0000000100000000)
  region size 1024K, 3 young (3072K), 3 survivors (3072K)
 Metaspace       used 81060K, capacity 83058K, committed 83248K, reserved 1122304K
  class space    used 10328K, capacity 11046K, committed 11136K, reserved 1048576K
}
Event: 42.451 GC heap before
{Heap before GC invocations=33 (full 0):
 garbage-first heap   total 131072K, used 108544K [0x0000000080000000, 0x0000000100000000)
  region size 1024K, 18 young (18432K), 3 survivors (3072K)
 Metaspace       used 81294K, capacity 83314K, committed 83504K, reserved 1122304K
  class space    used 10346K, capacity 11046K, committed 11136K, reserved 1048576K
}
Event: 42.454 GC heap after
{Heap after GC invocations=34 (full 0):
 garbage-first heap   total 131072K, used 96198K [0x0000000080000000, 0x0000000100000000)
  region size 1024K, 3 young (3072K), 3 survivors (3072K)
 Metaspace       used 81294K, capacity 83314K, committed 83504K, reserved 1122304K
  class space    used 10346K, capacity 11046K, committed 11136K, reserved 1048576K
}
Event: 42.665 GC heap before
{Heap before GC invocations=35 (full 0):
 garbage-first heap   total 131072K, used 101318K [0x0000000080000000, 0x0000000100000000)
  region size 1024K, 10 young (10240K), 3 survivors (3072K)
 Metaspace       used 81714K, capacity 83788K, committed 83888K, reserved 1124352K
  class space    used 10410K, capacity 11183K, committed 11264K, reserved 1048576K
}
Event: 42.669 GC heap after
{Heap after GC invocations=36 (full 0):
 garbage-first heap   total 131072K, used 97291K [0x0000000080000000, 0x0000000100000000)
  region size 1024K, 2 young (2048K), 2 survivors (2048K)
 Metaspace       used 81714K, capacity 83788K, committed 83888K, reserved 1124352K
  class space    used 10410K, capacity 11183K, committed 11264K, reserved 1048576K
}

